

Microchip MPLAB XC8 Assembler V2.20 build 20200408173844 
                                                                                               Fri Sep 04 19:02:01 2020

Microchip MPLAB XC8 C Compiler v2.20 (Free license) build 20200408173844 Og1 
     1                           	processor	18F4550
     2                           	fnconf	rparam,??,?,0
     3                           	pagewidth 120
     4                           	opt	flic
     5                           	psect	cinit,global,reloc=2,class=CODE,delta=1
     6                           	psect	cstackCOMRAM,global,class=COMRAM,space=1,delta=1,lowdata,noexec
     7                           	psect	text0,global,reloc=2,class=CODE,delta=1
     8                           	psect	intsave_regs,global,class=BIGRAM,space=1,delta=1,noexec
     9                           	psect	rparam,global,class=COMRAM,space=1,delta=1,noexec
    10                           	psect	idloc,global,abs,ovrld,class=IDLOC,space=5,delta=1,noexec
    11                           	psect	config,global,abs,ovrld,class=CONFIG,space=4,delta=1,noexec
    12  0000                     
    13                           ; Version 2.20
    14                           ; Generated 12/02/2020 GMT
    15                           ; 
    16                           ; Copyright © 2020, Microchip Technology Inc. and its subsidiaries ("Microchip")
    17                           ; All rights reserved.
    18                           ; 
    19                           ; This software is developed by Microchip Technology Inc. and its subsidiaries ("Microch
      +                          ip").
    20                           ; 
    21                           ; Redistribution and use in source and binary forms, with or without modification, are
    22                           ; permitted provided that the following conditions are met:
    23                           ; 
    24                           ;     1. Redistributions of source code must retain the above copyright notice, this lis
      +                          t of
    25                           ;        conditions and the following disclaimer.
    26                           ; 
    27                           ;     2. Redistributions in binary form must reproduce the above copyright notice, this 
      +                          list
    28                           ;        of conditions and the following disclaimer in the documentation and/or other
    29                           ;        materials provided with the distribution.
    30                           ; 
    31                           ;     3. Microchip's name may not be used to endorse or promote products derived from th
      +                          is
    32                           ;        software without specific prior written permission.
    33                           ; 
    34                           ; THIS SOFTWARE IS PROVIDED BY MICROCHIP "AS IS" AND ANY EXPRESS OR IMPLIED WARRANTIES,
    35                           ; INCLUDING, BUT NOT LIMITED TO, THE IMPLIED WARRANTIES OF MERCHANTABILITY AND FITNESS F
      +                          OR
    36                           ; PURPOSE ARE DISCLAIMED.  IN NO EVENT SHALL MICROCHIP BE LIABLE FOR ANY DIRECT, INDIREC
      +                          T,
    37                           ; INCIDENTAL, SPECIAL, EXEMPLARY, OR CONSEQUENTIAL DAMAGES (INCLUDING BUT NOT LIMITED TO
    38                           ; PROCUREMENT OF SUBSTITUTE GOODS OR SERVICES; LOSS OF USE, DATA OR PROFITS; OR BUSINESS
    39                           ; INTERRUPTION) HOWSOEVER CAUSED AND ON ANY THEORY OF LIABILITY, WHETHER IN CONTRACT, ST
      +                          RICT
    40                           ; LIABILITY, OR TORT (INCLUDING NEGLIGENCE OR OTHERWISE) ARISING IN ANY WAY OUT OF THE U
      +                          SE OF
    41                           ; THIS SOFTWARE, EVEN IF ADVISED OF THE POSSIBILITY OF SUCH DAMAGE.
    42                           ; 
    43                           ; 
    44                           ; Code-generator required, PIC18F4550 Definitions
    45                           ; 
    46                           ; SFR Addresses
    47  0000                     _PORTBbits	set	3969
    48  0000                     _PORTB	set	3969
    49  0000                     _PORTD	set	3971
    50  0000                     _TRISD	set	3989
    51  0000                     _TRISB	set	3987
    52  0000                     _OSCCONbits	set	4051
    53                           
    54                           ; #config settings
    55                           
    56                           	psect	cinit
    57  007F56                     __pcinit:
    58                           	callstack 0
    59  007F56                     start_initialization:
    60                           	callstack 0
    61  007F56                     __initialization:
    62                           	callstack 0
    63  007F56                     end_of_initialization:
    64                           	callstack 0
    65  007F56                     __end_of__initialization:
    66                           	callstack 0
    67  007F56  0100               	movlb	0
    68  007F58  EFAE  F03F         	goto	_main	;jump to C main() function
    69                           
    70                           	psect	cstackCOMRAM
    71  000001                     __pcstackCOMRAM:
    72                           	callstack 0
    73  000001                     main@move:
    74                           	callstack 0
    75                           
    76                           ; 1 bytes @ 0x0
    77  000001                     	ds	1
    78                           
    79 ;;
    80 ;;Main: autosize = 0, tempsize = 0, incstack = 0, save=0
    81 ;;
    82 ;; *************** function _main *****************
    83 ;; Defined at:
    84 ;;		line 75 in file "main.c"
    85 ;; Parameters:    Size  Location     Type
    86 ;;		None
    87 ;; Auto vars:     Size  Location     Type
    88 ;;  move            1    0[COMRAM] unsigned char 
    89 ;; Return value:  Size  Location     Type
    90 ;;                  1    wreg      void 
    91 ;; Registers used:
    92 ;;		wreg, status,2, status,0, prodl, prodh
    93 ;; Tracked objects:
    94 ;;		On entry : 0/0
    95 ;;		On exit  : 0/0
    96 ;;		Unchanged: 0/0
    97 ;; Data sizes:     COMRAM   BANK0   BANK1   BANK2   BANK3   BANK4   BANK5   BANK6   BANK7
    98 ;;      Params:         0       0       0       0       0       0       0       0       0
    99 ;;      Locals:         1       0       0       0       0       0       0       0       0
   100 ;;      Temps:          0       0       0       0       0       0       0       0       0
   101 ;;      Totals:         1       0       0       0       0       0       0       0       0
   102 ;;Total ram usage:        1 bytes
   103 ;; This function calls:
   104 ;;		Nothing
   105 ;; This function is called by:
   106 ;;		Startup code after reset
   107 ;; This function uses a non-reentrant model
   108 ;;
   109                           
   110                           	psect	text0
   111  007F5C                     __ptext0:
   112                           	callstack 0
   113  007F5C                     _main:
   114                           	callstack 31
   115  007F5C                     
   116                           ;main.c: 76:     OSCCONbits.IRCF = 0b100;
   117  007F5C  50D3               	movf	211,w,c	;volatile
   118  007F5E  0B8F               	andlw	-113
   119  007F60  0940               	iorlw	64
   120  007F62  6ED3               	movwf	211,c	;volatile
   121                           
   122                           ;main.c: 77:     TRISB = 0b0000110;
   123  007F64  0E06               	movlw	6
   124  007F66  6E93               	movwf	147,c	;volatile
   125                           
   126                           ;main.c: 78:     TRISD = 0;
   127  007F68  0E00               	movlw	0
   128  007F6A  6E95               	movwf	149,c	;volatile
   129                           
   130                           ;main.c: 81:     PORTD= 0b01100110;
   131  007F6C  0E66               	movlw	102
   132  007F6E  6E83               	movwf	131,c	;volatile
   133                           
   134                           ;main.c: 83:     char move = 0b00010000;
   135  007F70  0E10               	movlw	16
   136  007F72  6E01               	movwf	main@move^0,c
   137  007F74                     
   138                           ;main.c: 84:     PORTB = move;
   139  007F74  0E10               	movlw	16
   140  007F76  6E81               	movwf	129,c	;volatile
   141  007F78                     l712:
   142                           
   143                           ;main.c: 90:         if(PORTBbits.RB1 == 0){
   144  007F78  B281               	btfsc	129,1,c	;volatile
   145  007F7A  EFC1  F03F         	goto	u11
   146  007F7E  EFC3  F03F         	goto	u10
   147  007F82                     u11:
   148  007F82  EFDD  F03F         	goto	l724
   149  007F86                     u10:
   150  007F86                     l19:
   151                           
   152                           ;main.c: 91:             while(PORTBbits.RB1 == 0){
   153  007F86  A281               	btfss	129,1,c	;volatile
   154  007F88  EFC8  F03F         	goto	u21
   155  007F8C  EFCA  F03F         	goto	u20
   156  007F90                     u21:
   157  007F90  EFC3  F03F         	goto	l19
   158  007F94                     u20:
   159  007F94                     
   160                           ;main.c: 94:             if(move == 0b10000000){
   161  007F94  0E80               	movlw	128
   162  007F96  1801               	xorwf	main@move^0,w,c
   163  007F98  A4D8               	btfss	status,2,c
   164  007F9A  EFD1  F03F         	goto	u31
   165  007F9E  EFD3  F03F         	goto	u30
   166  007FA2                     u31:
   167  007FA2  EFD7  F03F         	goto	l720
   168  007FA6                     u30:
   169  007FA6                     
   170                           ;main.c: 95:                 move = 0b00010000;
   171  007FA6  0E10               	movlw	16
   172  007FA8  6E01               	movwf	main@move^0,c
   173                           
   174                           ;main.c: 96:             }else{
   175  007FAA  EFDB  F03F         	goto	l722
   176  007FAE                     l720:
   177                           
   178                           ;main.c: 97:                 move *= 2;
   179  007FAE  0E02               	movlw	2
   180  007FB0  0201               	mulwf	main@move^0,c
   181  007FB2  50F3               	movf	prodl,w,c
   182  007FB4  6E01               	movwf	main@move^0,c
   183  007FB6                     l722:
   184                           
   185                           ;main.c: 99:             PORTB = move;
   186  007FB6  C001  FF81         	movff	main@move,3969	;volatile
   187  007FBA                     l724:
   188                           
   189                           ;main.c: 102:         if(PORTBbits.RB2 == 0){
   190  007FBA  B481               	btfsc	129,2,c	;volatile
   191  007FBC  EFE2  F03F         	goto	u41
   192  007FC0  EFE4  F03F         	goto	u40
   193  007FC4                     u41:
   194  007FC4  EFBC  F03F         	goto	l712
   195  007FC8                     u40:
   196  007FC8                     l25:
   197                           
   198                           ;main.c: 103:             while(PORTBbits.RB2 == 0){
   199  007FC8  A481               	btfss	129,2,c	;volatile
   200  007FCA  EFE9  F03F         	goto	u51
   201  007FCE  EFEB  F03F         	goto	u50
   202  007FD2                     u51:
   203  007FD2  EFE4  F03F         	goto	l25
   204  007FD6                     u50:
   205  007FD6                     
   206                           ;main.c: 106:             if(move == 0b00010000){
   207  007FD6  0E10               	movlw	16
   208  007FD8  1801               	xorwf	main@move^0,w,c
   209  007FDA  A4D8               	btfss	status,2,c
   210  007FDC  EFF2  F03F         	goto	u61
   211  007FE0  EFF4  F03F         	goto	u60
   212  007FE4                     u61:
   213  007FE4  EFF8  F03F         	goto	l732
   214  007FE8                     u60:
   215  007FE8                     
   216                           ;main.c: 107:                 move = 0b10000000;
   217  007FE8  0E80               	movlw	128
   218  007FEA  6E01               	movwf	main@move^0,c
   219                           
   220                           ;main.c: 108:             }else{
   221  007FEC  EFFA  F03F         	goto	l734
   222  007FF0                     l732:
   223                           
   224                           ;main.c: 109:                 move /= 2;
   225  007FF0  90D8               	bcf	status,0,c
   226  007FF2  3201               	rrcf	main@move^0,f,c
   227  007FF4                     l734:
   228                           
   229                           ;main.c: 111:             PORTB = move;
   230  007FF4  C001  FF81         	movff	main@move,3969	;volatile
   231  007FF8  EFBC  F03F         	goto	l712
   232  007FFC  EF00  F000         	goto	start
   233  008000                     __end_of_main:
   234                           	callstack 0
   235  0000                     
   236                           	psect	rparam
   237  0000                     
   238                           	psect	idloc
   239                           
   240                           ;Config register IDLOC0 @ 0x200000
   241                           ;	unspecified, using default values
   242  200000                     	org	2097152
   243  200000  FF                 	db	255
   244                           
   245                           ;Config register IDLOC1 @ 0x200001
   246                           ;	unspecified, using default values
   247  200001                     	org	2097153
   248  200001  FF                 	db	255
   249                           
   250                           ;Config register IDLOC2 @ 0x200002
   251                           ;	unspecified, using default values
   252  200002                     	org	2097154
   253  200002  FF                 	db	255
   254                           
   255                           ;Config register IDLOC3 @ 0x200003
   256                           ;	unspecified, using default values
   257  200003                     	org	2097155
   258  200003  FF                 	db	255
   259                           
   260                           ;Config register IDLOC4 @ 0x200004
   261                           ;	unspecified, using default values
   262  200004                     	org	2097156
   263  200004  FF                 	db	255
   264                           
   265                           ;Config register IDLOC5 @ 0x200005
   266                           ;	unspecified, using default values
   267  200005                     	org	2097157
   268  200005  FF                 	db	255
   269                           
   270                           ;Config register IDLOC6 @ 0x200006
   271                           ;	unspecified, using default values
   272  200006                     	org	2097158
   273  200006  FF                 	db	255
   274                           
   275                           ;Config register IDLOC7 @ 0x200007
   276                           ;	unspecified, using default values
   277  200007                     	org	2097159
   278  200007  FF                 	db	255
   279                           
   280                           	psect	config
   281                           
   282                           ;Config register CONFIG1L @ 0x300000
   283                           ;	PLL Prescaler Selection bits
   284                           ;	PLLDIV = 1, No prescale (4 MHz oscillator input drives PLL directly)
   285                           ;	System Clock Postscaler Selection bits
   286                           ;	CPUDIV = OSC1_PLL2, [Primary Oscillator Src: /1][96 MHz PLL Src: /2]
   287                           ;	USB Clock Selection bit (used in Full-Speed USB mode only; UCFG:FSEN = 1)
   288                           ;	USBDIV = 1, USB clock source comes directly from the primary oscillator block with no 
      +                          postscale
   289  300000                     	org	3145728
   290  300000  00                 	db	0
   291                           
   292                           ;Config register CONFIG1H @ 0x300001
   293                           ;	Oscillator Selection bits
   294                           ;	FOSC = INTOSCIO_EC, Internal oscillator, port function on RA6, EC used by USB (INTIO)
   295                           ;	Fail-Safe Clock Monitor Enable bit
   296                           ;	FCMEN = OFF, Fail-Safe Clock Monitor disabled
   297                           ;	Internal/External Oscillator Switchover bit
   298                           ;	IESO = OFF, Oscillator Switchover mode disabled
   299  300001                     	org	3145729
   300  300001  08                 	db	8
   301                           
   302                           ;Config register CONFIG2L @ 0x300002
   303                           ;	Power-up Timer Enable bit
   304                           ;	PWRT = OFF, PWRT disabled
   305                           ;	Brown-out Reset Enable bits
   306                           ;	BOR = OFF, Brown-out Reset disabled in hardware and software
   307                           ;	Brown-out Reset Voltage bits
   308                           ;	BORV = 3, Minimum setting 2.05V
   309                           ;	USB Voltage Regulator Enable bit
   310                           ;	VREGEN = OFF, USB voltage regulator disabled
   311  300002                     	org	3145730
   312  300002  19                 	db	25
   313                           
   314                           ;Config register CONFIG2H @ 0x300003
   315                           ;	Watchdog Timer Enable bit
   316                           ;	WDT = OFF, WDT disabled (control is placed on the SWDTEN bit)
   317                           ;	Watchdog Timer Postscale Select bits
   318                           ;	WDTPS = 32768, 1:32768
   319  300003                     	org	3145731
   320  300003  1E                 	db	30
   321                           
   322                           ; Padding undefined space
   323  300004                     	org	3145732
   324  300004  FF                 	db	255
   325                           
   326                           ;Config register CONFIG3H @ 0x300005
   327                           ;	CCP2 MUX bit
   328                           ;	CCP2MX = ON, CCP2 input/output is multiplexed with RC1
   329                           ;	PORTB A/D Enable bit
   330                           ;	PBADEN = OFF, PORTB<4:0> pins are configured as digital I/O on Reset
   331                           ;	Low-Power Timer 1 Oscillator Enable bit
   332                           ;	LPT1OSC = OFF, Timer1 configured for higher power operation
   333                           ;	MCLR Pin Enable bit
   334                           ;	MCLRE = ON, MCLR pin enabled; RE3 input pin disabled
   335  300005                     	org	3145733
   336  300005  81                 	db	129
   337                           
   338                           ;Config register CONFIG4L @ 0x300006
   339                           ;	Stack Full/Underflow Reset Enable bit
   340                           ;	STVREN = ON, Stack full/underflow will cause Reset
   341                           ;	Single-Supply ICSP Enable bit
   342                           ;	LVP = ON, Single-Supply ICSP enabled
   343                           ;	Dedicated In-Circuit Debug/Programming Port (ICPORT) Enable bit
   344                           ;	ICPRT = OFF, ICPORT disabled
   345                           ;	Extended Instruction Set Enable bit
   346                           ;	XINST = OFF, Instruction set extension and Indexed Addressing mode disabled (Legacy mo
      +                          de)
   347                           ;	Background Debugger Enable bit
   348                           ;	DEBUG = 0x1, unprogrammed default
   349  300006                     	org	3145734
   350  300006  85                 	db	133
   351                           
   352                           ; Padding undefined space
   353  300007                     	org	3145735
   354  300007  FF                 	db	255
   355                           
   356                           ;Config register CONFIG5L @ 0x300008
   357                           ;	Code Protection bit
   358                           ;	CP0 = OFF, Block 0 (000800-001FFFh) is not code-protected
   359                           ;	Code Protection bit
   360                           ;	CP1 = OFF, Block 1 (002000-003FFFh) is not code-protected
   361                           ;	Code Protection bit
   362                           ;	CP2 = OFF, Block 2 (004000-005FFFh) is not code-protected
   363                           ;	Code Protection bit
   364                           ;	CP3 = OFF, Block 3 (006000-007FFFh) is not code-protected
   365  300008                     	org	3145736
   366  300008  0F                 	db	15
   367                           
   368                           ;Config register CONFIG5H @ 0x300009
   369                           ;	Boot Block Code Protection bit
   370                           ;	CPB = OFF, Boot block (000000-0007FFh) is not code-protected
   371                           ;	Data EEPROM Code Protection bit
   372                           ;	CPD = OFF, Data EEPROM is not code-protected
   373  300009                     	org	3145737
   374  300009  C0                 	db	192
   375                           
   376                           ;Config register CONFIG6L @ 0x30000A
   377                           ;	Write Protection bit
   378                           ;	WRT0 = OFF, Block 0 (000800-001FFFh) is not write-protected
   379                           ;	Write Protection bit
   380                           ;	WRT1 = OFF, Block 1 (002000-003FFFh) is not write-protected
   381                           ;	Write Protection bit
   382                           ;	WRT2 = OFF, Block 2 (004000-005FFFh) is not write-protected
   383                           ;	Write Protection bit
   384                           ;	WRT3 = OFF, Block 3 (006000-007FFFh) is not write-protected
   385  30000A                     	org	3145738
   386  30000A  0F                 	db	15
   387                           
   388                           ;Config register CONFIG6H @ 0x30000B
   389                           ;	Configuration Register Write Protection bit
   390                           ;	WRTC = OFF, Configuration registers (300000-3000FFh) are not write-protected
   391                           ;	Boot Block Write Protection bit
   392                           ;	WRTB = OFF, Boot block (000000-0007FFh) is not write-protected
   393                           ;	Data EEPROM Write Protection bit
   394                           ;	WRTD = OFF, Data EEPROM is not write-protected
   395  30000B                     	org	3145739
   396  30000B  E0                 	db	224
   397                           
   398                           ;Config register CONFIG7L @ 0x30000C
   399                           ;	Table Read Protection bit
   400                           ;	EBTR0 = OFF, Block 0 (000800-001FFFh) is not protected from table reads executed in ot
      +                          her blocks
   401                           ;	Table Read Protection bit
   402                           ;	EBTR1 = OFF, Block 1 (002000-003FFFh) is not protected from table reads executed in ot
      +                          her blocks
   403                           ;	Table Read Protection bit
   404                           ;	EBTR2 = OFF, Block 2 (004000-005FFFh) is not protected from table reads executed in ot
      +                          her blocks
   405                           ;	Table Read Protection bit
   406                           ;	EBTR3 = OFF, Block 3 (006000-007FFFh) is not protected from table reads executed in ot
      +                          her blocks
   407  30000C                     	org	3145740
   408  30000C  0F                 	db	15
   409                           
   410                           ;Config register CONFIG7H @ 0x30000D
   411                           ;	Boot Block Table Read Protection bit
   412                           ;	EBTRB = OFF, Boot block (000000-0007FFh) is not protected from table reads executed in
      +                           other blocks
   413  30000D                     	org	3145741
   414  30000D  40                 	db	64
   415                           tosu	equ	0xFFF
   416                           tosh	equ	0xFFE
   417                           tosl	equ	0xFFD
   418                           stkptr	equ	0xFFC
   419                           pclatu	equ	0xFFB
   420                           pclath	equ	0xFFA
   421                           pcl	equ	0xFF9
   422                           tblptru	equ	0xFF8
   423                           tblptrh	equ	0xFF7
   424                           tblptrl	equ	0xFF6
   425                           tablat	equ	0xFF5
   426                           prodh	equ	0xFF4
   427                           prodl	equ	0xFF3
   428                           indf0	equ	0xFEF
   429                           postinc0	equ	0xFEE
   430                           postdec0	equ	0xFED
   431                           preinc0	equ	0xFEC
   432                           plusw0	equ	0xFEB
   433                           fsr0h	equ	0xFEA
   434                           fsr0l	equ	0xFE9
   435                           wreg	equ	0xFE8
   436                           indf1	equ	0xFE7
   437                           postinc1	equ	0xFE6
   438                           postdec1	equ	0xFE5
   439                           preinc1	equ	0xFE4
   440                           plusw1	equ	0xFE3
   441                           fsr1h	equ	0xFE2
   442                           fsr1l	equ	0xFE1
   443                           bsr	equ	0xFE0
   444                           indf2	equ	0xFDF
   445                           postinc2	equ	0xFDE
   446                           postdec2	equ	0xFDD
   447                           preinc2	equ	0xFDC
   448                           plusw2	equ	0xFDB
   449                           fsr2h	equ	0xFDA
   450                           fsr2l	equ	0xFD9
   451                           status	equ	0xFD8

Data Sizes:
    Strings     0
    Constant    0
    Data        0
    BSS         0
    Persistent  0
    Stack       0

Auto Spaces:
    Space          Size  Autos    Used
    COMRAM           95      1       1
    BANK0           160      0       0
    BANK1           256      0       0
    BANK2           256      0       0
    BANK3           256      0       0
    BANK4           256      0       0
    BANK5           256      0       0
    BANK6           256      0       0
    BANK7           256      0       0

Pointer List with Targets:

    None.

Critical Paths under _main in COMRAM

    None.

Critical Paths under _main in BANK0

    None.

Critical Paths under _main in BANK1

    None.

Critical Paths under _main in BANK2

    None.

Critical Paths under _main in BANK3

    None.

Critical Paths under _main in BANK4

    None.

Critical Paths under _main in BANK5

    None.

Critical Paths under _main in BANK6

    None.

Critical Paths under _main in BANK7

    None.

Call Graph Tables:

 ---------------------------------------------------------------------------------
 (Depth) Function   	        Calls       Base Space   Used Autos Params    Refs
 ---------------------------------------------------------------------------------
 (0) _main                                                 1     1      0      75
                                              0 COMRAM     1     1      0
 ---------------------------------------------------------------------------------
 Estimated maximum stack depth 0
 ---------------------------------------------------------------------------------

 Call Graph Graphs:

 _main (ROOT)

 Address spaces:
Name               Size   Autos  Total    Cost      Usage
BITCOMRAM           5F      0       0       0        0.0%
EEDATA             100      0       0       0        0.0%
NULL                 0      0       0       0        0.0%
CODE                 0      0       0       0        0.0%
COMRAM              5F      1       1       1        1.1%
STACK                0      0       0       2        0.0%
DATA                 0      0       0       3        0.0%
BITBANK0            A0      0       0       4        0.0%
BANK0               A0      0       0       5        0.0%
BITBANK1           100      0       0       6        0.0%
BANK1              100      0       0       7        0.0%
BITBANK2           100      0       0       8        0.0%
BANK2              100      0       0       9        0.0%
BITBANK3           100      0       0      10        0.0%
BANK3              100      0       0      11        0.0%
BITBANK4           100      0       0      12        0.0%
BANK4              100      0       0      13        0.0%
BITBANK5           100      0       0      14        0.0%
BANK5              100      0       0      15        0.0%
BITBANK6           100      0       0      16        0.0%
BANK6              100      0       0      17        0.0%
BITBANK7           100      0       0      18        0.0%
BANK7              100      0       0      19        0.0%
ABS                  0      0       0      20        0.0%
BIGRAM             7FF      0       0      21        0.0%
BITSFR               0      0       0     200        0.0%
SFR                  0      0       0     200        0.0%


Microchip Technology PIC18 Macro Assembler V2.20 build 20200408173844 
Symbol Table                                                                                   Fri Sep 04 19:02:01 2020

                     l25 7FC8                       l19 7F86                       u10 7F86  
                     u11 7F82                       u20 7F94                       u21 7F90  
                     u30 7FA6                       u31 7FA2                       u40 7FC8  
                     u41 7FC4                       u50 7FD6                       u51 7FD2  
                     u60 7FE8                       u61 7FE4                      l710 7F74  
                    l720 7FAE                      l712 7F78                      l730 7FE8  
                    l722 7FB6                      l732 7FF0                      l716 7F94  
                    l724 7FBA                      l708 7F5C                      l734 7FF4  
                    l718 7FA6                      l728 7FD6                     _main 7F5C  
                   prodl 000FF3                     start 0000             ___param_bank 000000  
                  ?_main 0001                    _PORTB 000F81                    _PORTD 000F83  
                  _TRISB 000F93                    _TRISD 000F95                    status 000FD8  
        __initialization 7F56             __end_of_main 8000                   ??_main 0001  
          __activetblptr 000000               __accesstop 0060  __end_of__initialization 7F56  
          ___rparam_used 000001           __pcstackCOMRAM 0001                  __Hparam 0000  
                __Lparam 0000                  __pcinit 7F56                  __ramtop 0800  
                __ptext0 7F5C     end_of_initialization 7F56                _PORTBbits 000F81  
    start_initialization 7F56                 __Hrparam 0000                 __Lrparam 0000  
          __size_of_main 00A4                 main@move 0001               _OSCCONbits 000FD3  
